0 info it worked if it ends with ok
1 verbose cli [ '/home/tcg-pc1/.nvm/versions/node/v9.7.0/bin/node',
1 verbose cli   '/home/tcg-pc1/.nvm/versions/node/v9.7.0/bin/npm',
1 verbose cli   'start' ]
2 info using npm@5.6.0
3 info using node@v9.7.0
4 verbose run-script [ 'prestart', 'start', 'poststart' ]
5 info lifecycle my-app@0.1.0~prestart: my-app@0.1.0
6 info lifecycle my-app@0.1.0~start: my-app@0.1.0
7 verbose lifecycle my-app@0.1.0~start: unsafe-perm in lifecycle true
8 verbose lifecycle my-app@0.1.0~start: PATH: /home/tcg-pc1/.nvm/versions/node/v9.7.0/lib/node_modules/npm/node_modules/npm-lifecycle/node-gyp-bin:/home/tcg-pc1/workspace/React-exercise/react/my-app/node_modules/.bin:/home/tcg-pc1/.nvm/versions/node/v9.7.0/bin:/home/tcg-pc1/bin:/home/tcg-pc1/.local/bin:/usr/local/sbin:/usr/local/bin:/usr/sbin:/usr/bin:/sbin:/bin:/usr/games:/usr/local/games:/snap/bin
9 verbose lifecycle my-app@0.1.0~start: CWD: /home/tcg-pc1/workspace/React-exercise/react/my-app
10 silly lifecycle my-app@0.1.0~start: Args: [ '-c', 'react-scripts start' ]
11 info lifecycle my-app@0.1.0~start: Failed to exec start script
12 verbose stack Error: my-app@0.1.0 start: `react-scripts start`
12 verbose stack spawn ENOENT
12 verbose stack     at ChildProcess.<anonymous> (/home/tcg-pc1/.nvm/versions/node/v9.7.0/lib/node_modules/npm/node_modules/npm-lifecycle/lib/spawn.js:48:18)
12 verbose stack     at ChildProcess.emit (events.js:127:13)
12 verbose stack     at maybeClose (internal/child_process.js:936:16)
12 verbose stack     at Process.ChildProcess._handle.onexit (internal/child_process.js:220:5)
13 verbose pkgid my-app@0.1.0
14 verbose cwd /home/tcg-pc1/workspace/React-exercise/react/my-app/src
15 verbose Linux 4.4.0-116-generic
16 verbose argv "/home/tcg-pc1/.nvm/versions/node/v9.7.0/bin/node" "/home/tcg-pc1/.nvm/versions/node/v9.7.0/bin/npm" "start"
17 verbose node v9.7.0
18 verbose npm  v5.6.0
19 error file sh
20 error code ELIFECYCLE
21 error errno ENOENT
22 error syscall spawn
23 error my-app@0.1.0 start: `react-scripts start`
23 error spawn ENOENT
24 error Failed at the my-app@0.1.0 start script.
24 error This is probably not a problem with npm. There is likely additional logging output above.
25 verbose exit [ 1, true ]
